[0.157s] DEBUG:colcon:Command line arguments: ['/usr/bin/colcon', 'list', '-p', '--base-paths', '/home/charan/ros_lab']
[0.157s] DEBUG:colcon:Parsed command line arguments: Namespace(log_base=None, log_level=None, verb_name='list', build_base='build', ignore_user_meta=False, metas=['./colcon.meta'], base_paths=['/home/charan/ros_lab'], packages_ignore=None, packages_ignore_regex=None, paths=None, packages_up_to=None, packages_up_to_regex=None, packages_above=None, packages_above_and_dependencies=None, packages_above_depth=None, packages_select_by_dep=None, packages_skip_by_dep=None, packages_skip_up_to=None, packages_select_build_failed=False, packages_skip_build_finished=False, packages_select_test_failures=False, packages_skip_test_passed=False, packages_select=None, packages_skip=None, packages_select_regex=None, packages_skip_regex=None, packages_start=None, packages_end=None, allow_overriding=[], topological_order=False, names_only=False, paths_only=True, topological_graph=False, topological_graph_dot=False, topological_graph_density=False, topological_graph_legend=False, topological_graph_dot_cluster=False, topological_graph_dot_include_skipped=False, mixin_files=None, mixin=None, verb_parser=<colcon_mixin.mixin.mixin_argument.MixinArgumentDecorator object at 0x7cb9841ad9d0>, verb_extension=<colcon_package_information.verb.list.ListVerb object at 0x7cb9841ac4d0>, main=<bound method ListVerb.main of <colcon_package_information.verb.list.ListVerb object at 0x7cb9841ac4d0>>, mixin_verb=('list',))
[0.215s] Level 1:colcon.colcon_core.package_discovery:discover_packages(colcon_meta) check parameters
[0.215s] Level 1:colcon.colcon_core.package_discovery:discover_packages(recursive) check parameters
[0.215s] Level 1:colcon.colcon_core.package_discovery:discover_packages(ignore) check parameters
[0.215s] Level 1:colcon.colcon_core.package_discovery:discover_packages(path) check parameters
[0.215s] Level 1:colcon.colcon_core.package_discovery:discover_packages(recursive) discover
[0.215s] INFO:colcon.colcon_core.package_discovery:Crawling recursively for packages in '/home/charan/ros_lab'
[0.215s] Level 1:colcon.colcon_core.package_identification:_identify(/home/charan/ros_lab) by extensions ['ignore', 'ignore_ament_install']
[0.215s] Level 1:colcon.colcon_core.package_identification:_identify(/home/charan/ros_lab) by extension 'ignore'
[0.216s] Level 1:colcon.colcon_core.package_identification:_identify(/home/charan/ros_lab) by extension 'ignore_ament_install'
[0.216s] Level 1:colcon.colcon_core.package_identification:_identify(/home/charan/ros_lab) by extensions ['colcon_pkg']
[0.216s] Level 1:colcon.colcon_core.package_identification:_identify(/home/charan/ros_lab) by extension 'colcon_pkg'
[0.216s] Level 1:colcon.colcon_core.package_identification:_identify(/home/charan/ros_lab) by extensions ['colcon_meta']
[0.216s] Level 1:colcon.colcon_core.package_identification:_identify(/home/charan/ros_lab) by extension 'colcon_meta'
[0.216s] Level 1:colcon.colcon_core.package_identification:_identify(/home/charan/ros_lab) by extensions ['ros']
[0.216s] Level 1:colcon.colcon_core.package_identification:_identify(/home/charan/ros_lab) by extension 'ros'
[0.250s] Level 1:colcon.colcon_core.package_identification:_identify(/home/charan/ros_lab) by extensions ['cmake', 'python']
[0.251s] Level 1:colcon.colcon_core.package_identification:_identify(/home/charan/ros_lab) by extension 'cmake'
[0.251s] Level 1:colcon.colcon_core.package_identification:_identify(/home/charan/ros_lab) by extension 'python'
[0.251s] Level 1:colcon.colcon_core.package_identification:_identify(/home/charan/ros_lab) by extensions ['python_setup_py']
[0.251s] Level 1:colcon.colcon_core.package_identification:_identify(/home/charan/ros_lab) by extension 'python_setup_py'
[0.251s] Level 1:colcon.colcon_core.package_identification:_identify(/home/charan/ros_lab/build) by extensions ['ignore', 'ignore_ament_install']
[0.251s] Level 1:colcon.colcon_core.package_identification:_identify(/home/charan/ros_lab/build) by extension 'ignore'
[0.251s] Level 1:colcon.colcon_core.package_identification:_identify(/home/charan/ros_lab/build) ignored
[0.251s] Level 1:colcon.colcon_core.package_identification:_identify(/home/charan/ros_lab/install) by extensions ['ignore', 'ignore_ament_install']
[0.251s] Level 1:colcon.colcon_core.package_identification:_identify(/home/charan/ros_lab/install) by extension 'ignore'
[0.251s] Level 1:colcon.colcon_core.package_identification:_identify(/home/charan/ros_lab/install) ignored
[0.252s] Level 1:colcon.colcon_core.package_identification:_identify(/home/charan/ros_lab/log) by extensions ['ignore', 'ignore_ament_install']
[0.252s] Level 1:colcon.colcon_core.package_identification:_identify(/home/charan/ros_lab/log) by extension 'ignore'
[0.252s] Level 1:colcon.colcon_core.package_identification:_identify(/home/charan/ros_lab/log) ignored
[0.252s] Level 1:colcon.colcon_core.package_identification:_identify(/home/charan/ros_lab/src) by extensions ['ignore', 'ignore_ament_install']
[0.252s] Level 1:colcon.colcon_core.package_identification:_identify(/home/charan/ros_lab/src) by extension 'ignore'
[0.252s] Level 1:colcon.colcon_core.package_identification:_identify(/home/charan/ros_lab/src) by extension 'ignore_ament_install'
[0.252s] Level 1:colcon.colcon_core.package_identification:_identify(/home/charan/ros_lab/src) by extensions ['colcon_pkg']
[0.252s] Level 1:colcon.colcon_core.package_identification:_identify(/home/charan/ros_lab/src) by extension 'colcon_pkg'
[0.252s] Level 1:colcon.colcon_core.package_identification:_identify(/home/charan/ros_lab/src) by extensions ['colcon_meta']
[0.252s] Level 1:colcon.colcon_core.package_identification:_identify(/home/charan/ros_lab/src) by extension 'colcon_meta'
[0.252s] Level 1:colcon.colcon_core.package_identification:_identify(/home/charan/ros_lab/src) by extensions ['ros']
[0.252s] Level 1:colcon.colcon_core.package_identification:_identify(/home/charan/ros_lab/src) by extension 'ros'
[0.253s] Level 1:colcon.colcon_core.package_identification:_identify(/home/charan/ros_lab/src) by extensions ['cmake', 'python']
[0.253s] Level 1:colcon.colcon_core.package_identification:_identify(/home/charan/ros_lab/src) by extension 'cmake'
[0.253s] Level 1:colcon.colcon_core.package_identification:_identify(/home/charan/ros_lab/src) by extension 'python'
[0.253s] Level 1:colcon.colcon_core.package_identification:_identify(/home/charan/ros_lab/src) by extensions ['python_setup_py']
[0.253s] Level 1:colcon.colcon_core.package_identification:_identify(/home/charan/ros_lab/src) by extension 'python_setup_py'
[0.253s] Level 1:colcon.colcon_core.package_identification:_identify(/home/charan/ros_lab/src/py_pubsub) by extensions ['ignore', 'ignore_ament_install']
[0.253s] Level 1:colcon.colcon_core.package_identification:_identify(/home/charan/ros_lab/src/py_pubsub) by extension 'ignore'
[0.253s] Level 1:colcon.colcon_core.package_identification:_identify(/home/charan/ros_lab/src/py_pubsub) by extension 'ignore_ament_install'
[0.253s] Level 1:colcon.colcon_core.package_identification:_identify(/home/charan/ros_lab/src/py_pubsub) by extensions ['colcon_pkg']
[0.253s] Level 1:colcon.colcon_core.package_identification:_identify(/home/charan/ros_lab/src/py_pubsub) by extension 'colcon_pkg'
[0.253s] Level 1:colcon.colcon_core.package_identification:_identify(/home/charan/ros_lab/src/py_pubsub) by extensions ['colcon_meta']
[0.253s] Level 1:colcon.colcon_core.package_identification:_identify(/home/charan/ros_lab/src/py_pubsub) by extension 'colcon_meta'
[0.253s] Level 1:colcon.colcon_core.package_identification:_identify(/home/charan/ros_lab/src/py_pubsub) by extensions ['ros']
[0.253s] Level 1:colcon.colcon_core.package_identification:_identify(/home/charan/ros_lab/src/py_pubsub) by extension 'ros'
[0.257s] DEBUG:colcon.colcon_core.package_identification:Package '/home/charan/ros_lab/src/py_pubsub' with type 'ros.ament_python' and name 'py_pubsub'
[0.257s] Level 1:colcon.colcon_core.package_discovery:discover_packages(recursive) using defaults
