[0.555s] Invoking command in '/home/charan/ros_lab/src/py_pubsub': DEBUGINFOD_URLS=https://debuginfod.ubuntu.com PYTHONPATH=/home/charan/ros_lab/build/py_pubsub/prefix_override:/usr/lib/python3/dist-packages/colcon_core/task/python/colcon_distutils_commands:/home/charan/ros_lab/install/py_pubsub/lib/python3.12/site-packages:${PYTHONPATH} /usr/bin/python3 -W ignore:setup.py install is deprecated -W ignore:easy_install command is deprecated setup.py egg_info --egg-base ../../build/py_pubsub build --build-base /home/charan/ros_lab/build/py_pubsub/build install --record /home/charan/ros_lab/build/py_pubsub/install.log --single-version-externally-managed install_data
[0.750s] running egg_info
[0.764s] writing ../../build/py_pubsub/py_pubsub.egg-info/PKG-INFO
[0.764s] writing dependency_links to ../../build/py_pubsub/py_pubsub.egg-info/dependency_links.txt
[0.764s] writing entry points to ../../build/py_pubsub/py_pubsub.egg-info/entry_points.txt
[0.764s] writing requirements to ../../build/py_pubsub/py_pubsub.egg-info/requires.txt
[0.764s] writing top-level names to ../../build/py_pubsub/py_pubsub.egg-info/top_level.txt
[0.794s] reading manifest file '../../build/py_pubsub/py_pubsub.egg-info/SOURCES.txt'
[0.794s] adding license file 'LICENSE'
[0.794s] writing manifest file '../../build/py_pubsub/py_pubsub.egg-info/SOURCES.txt'
[0.794s] running build
[0.794s] running build_py
[0.794s] running install
[0.799s] running install_lib
[0.815s] running install_data
[0.815s] running install_egg_info
[0.831s] removing '/home/charan/ros_lab/install/py_pubsub/lib/python3.12/site-packages/py_pubsub-0.0.0-py3.12.egg-info' (and everything under it)
[0.831s] Copying ../../build/py_pubsub/py_pubsub.egg-info to /home/charan/ros_lab/install/py_pubsub/lib/python3.12/site-packages/py_pubsub-0.0.0-py3.12.egg-info
[0.831s] running install_scripts
[0.929s] Installing draw_circles script to /home/charan/ros_lab/install/py_pubsub/lib/py_pubsub
[0.929s] Installing draw_letters script to /home/charan/ros_lab/install/py_pubsub/lib/py_pubsub
[0.929s] Installing listener script to /home/charan/ros_lab/install/py_pubsub/lib/py_pubsub
[0.929s] Installing multi_publisher script to /home/charan/ros_lab/install/py_pubsub/lib/py_pubsub
[0.930s] Installing multi_subscriber script to /home/charan/ros_lab/install/py_pubsub/lib/py_pubsub
[0.930s] Installing talker script to /home/charan/ros_lab/install/py_pubsub/lib/py_pubsub
[0.930s] Installing zigzag_clean script to /home/charan/ros_lab/install/py_pubsub/lib/py_pubsub
[0.930s] writing list of installed files to '/home/charan/ros_lab/build/py_pubsub/install.log'
[0.948s] Invoked command in '/home/charan/ros_lab/src/py_pubsub' returned '0': DEBUGINFOD_URLS=https://debuginfod.ubuntu.com PYTHONPATH=/home/charan/ros_lab/build/py_pubsub/prefix_override:/usr/lib/python3/dist-packages/colcon_core/task/python/colcon_distutils_commands:/home/charan/ros_lab/install/py_pubsub/lib/python3.12/site-packages:${PYTHONPATH} /usr/bin/python3 -W ignore:setup.py install is deprecated -W ignore:easy_install command is deprecated setup.py egg_info --egg-base ../../build/py_pubsub build --build-base /home/charan/ros_lab/build/py_pubsub/build install --record /home/charan/ros_lab/build/py_pubsub/install.log --single-version-externally-managed install_data
