/home/charan/ros_lab/install/py_pubsub/lib/python3.12/site-packages/py_pubsub/draw_letters.py
/home/charan/ros_lab/install/py_pubsub/lib/python3.12/site-packages/py_pubsub/zigzag_clean.py
/home/charan/ros_lab/install/py_pubsub/lib/python3.12/site-packages/py_pubsub/draw_circles.py
/home/charan/ros_lab/install/py_pubsub/lib/python3.12/site-packages/py_pubsub/__init__.py
/home/charan/ros_lab/install/py_pubsub/lib/python3.12/site-packages/py_pubsub/multi_publisher.py
/home/charan/ros_lab/install/py_pubsub/lib/python3.12/site-packages/py_pubsub/navigate_turtlebot3.py
/home/charan/ros_lab/install/py_pubsub/lib/python3.12/site-packages/py_pubsub/multi_subscriber.py
/home/charan/ros_lab/install/py_pubsub/lib/python3.12/site-packages/py_pubsub/subscriber_member_function.py
/home/charan/ros_lab/install/py_pubsub/lib/python3.12/site-packages/py_pubsub/publisher_member_function.py
/home/charan/ros_lab/install/py_pubsub/lib/python3.12/site-packages/py_pubsub/__pycache__/draw_letters.cpython-312.pyc
/home/charan/ros_lab/install/py_pubsub/lib/python3.12/site-packages/py_pubsub/__pycache__/zigzag_clean.cpython-312.pyc
/home/charan/ros_lab/install/py_pubsub/lib/python3.12/site-packages/py_pubsub/__pycache__/draw_circles.cpython-312.pyc
/home/charan/ros_lab/install/py_pubsub/lib/python3.12/site-packages/py_pubsub/__pycache__/__init__.cpython-312.pyc
/home/charan/ros_lab/install/py_pubsub/lib/python3.12/site-packages/py_pubsub/__pycache__/multi_publisher.cpython-312.pyc
/home/charan/ros_lab/install/py_pubsub/lib/python3.12/site-packages/py_pubsub/__pycache__/navigate_turtlebot3.cpython-312.pyc
/home/charan/ros_lab/install/py_pubsub/lib/python3.12/site-packages/py_pubsub/__pycache__/multi_subscriber.cpython-312.pyc
/home/charan/ros_lab/install/py_pubsub/lib/python3.12/site-packages/py_pubsub/__pycache__/subscriber_member_function.cpython-312.pyc
/home/charan/ros_lab/install/py_pubsub/lib/python3.12/site-packages/py_pubsub/__pycache__/publisher_member_function.cpython-312.pyc
/home/charan/ros_lab/install/py_pubsub/share/ament_index/resource_index/packages/py_pubsub
/home/charan/ros_lab/install/py_pubsub/share/py_pubsub/package.xml
/home/charan/ros_lab/install/py_pubsub/lib/python3.12/site-packages/py_pubsub-0.0.0-py3.12.egg-info/entry_points.txt
/home/charan/ros_lab/install/py_pubsub/lib/python3.12/site-packages/py_pubsub-0.0.0-py3.12.egg-info/zip-safe
/home/charan/ros_lab/install/py_pubsub/lib/python3.12/site-packages/py_pubsub-0.0.0-py3.12.egg-info/SOURCES.txt
/home/charan/ros_lab/install/py_pubsub/lib/python3.12/site-packages/py_pubsub-0.0.0-py3.12.egg-info/top_level.txt
/home/charan/ros_lab/install/py_pubsub/lib/python3.12/site-packages/py_pubsub-0.0.0-py3.12.egg-info/dependency_links.txt
/home/charan/ros_lab/install/py_pubsub/lib/python3.12/site-packages/py_pubsub-0.0.0-py3.12.egg-info/requires.txt
/home/charan/ros_lab/install/py_pubsub/lib/python3.12/site-packages/py_pubsub-0.0.0-py3.12.egg-info/PKG-INFO
/home/charan/ros_lab/install/py_pubsub/lib/py_pubsub/draw_circles
/home/charan/ros_lab/install/py_pubsub/lib/py_pubsub/draw_letters
/home/charan/ros_lab/install/py_pubsub/lib/py_pubsub/listener
/home/charan/ros_lab/install/py_pubsub/lib/py_pubsub/multi_publisher
/home/charan/ros_lab/install/py_pubsub/lib/py_pubsub/multi_subscriber
/home/charan/ros_lab/install/py_pubsub/lib/py_pubsub/navigate_turtlebot3
/home/charan/ros_lab/install/py_pubsub/lib/py_pubsub/talker
/home/charan/ros_lab/install/py_pubsub/lib/py_pubsub/zigzag_clean
