[0.896s] Invoking command in '/home/charan/ros_lab/src/py_pubsub': DEBUGINFOD_URLS=https://debuginfod.ubuntu.com PYTHONPATH=/home/charan/ros_lab/build/py_pubsub/prefix_override:/usr/lib/python3/dist-packages/colcon_core/task/python/colcon_distutils_commands:/home/charan/ros_lab/install/py_pubsub/lib/python3.12/site-packages:${PYTHONPATH} /usr/bin/python3 -W ignore:setup.py install is deprecated -W ignore:easy_install command is deprecated setup.py egg_info --egg-base ../../build/py_pubsub build --build-base /home/charan/ros_lab/build/py_pubsub/build install --record /home/charan/ros_lab/build/py_pubsub/install.log --single-version-externally-managed install_data
[1.199s] running egg_info
[1.222s] writing ../../build/py_pubsub/py_pubsub.egg-info/PKG-INFO
[1.222s] writing dependency_links to ../../build/py_pubsub/py_pubsub.egg-info/dependency_links.txt
[1.222s] writing entry points to ../../build/py_pubsub/py_pubsub.egg-info/entry_points.txt
[1.223s] writing requirements to ../../build/py_pubsub/py_pubsub.egg-info/requires.txt
[1.223s] writing top-level names to ../../build/py_pubsub/py_pubsub.egg-info/top_level.txt
[1.266s] reading manifest file '../../build/py_pubsub/py_pubsub.egg-info/SOURCES.txt'
[1.266s] adding license file 'LICENSE'
[1.267s] writing manifest file '../../build/py_pubsub/py_pubsub.egg-info/SOURCES.txt'
[1.267s] running build
[1.268s] running build_py
[1.268s] running install
[1.275s] running install_lib
[1.297s] running install_data
[1.297s] running install_egg_info
[1.320s] removing '/home/charan/ros_lab/install/py_pubsub/lib/python3.12/site-packages/py_pubsub-0.0.0-py3.12.egg-info' (and everything under it)
[1.321s] Copying ../../build/py_pubsub/py_pubsub.egg-info to /home/charan/ros_lab/install/py_pubsub/lib/python3.12/site-packages/py_pubsub-0.0.0-py3.12.egg-info
[1.321s] running install_scripts
[1.465s] Installing draw_circles script to /home/charan/ros_lab/install/py_pubsub/lib/py_pubsub
[1.465s] Installing draw_letters script to /home/charan/ros_lab/install/py_pubsub/lib/py_pubsub
[1.465s] Installing listener script to /home/charan/ros_lab/install/py_pubsub/lib/py_pubsub
[1.465s] Installing multi_publisher script to /home/charan/ros_lab/install/py_pubsub/lib/py_pubsub
[1.466s] Installing multi_subscriber script to /home/charan/ros_lab/install/py_pubsub/lib/py_pubsub
[1.466s] Installing navigate_turtlebot3 script to /home/charan/ros_lab/install/py_pubsub/lib/py_pubsub
[1.466s] Installing talker script to /home/charan/ros_lab/install/py_pubsub/lib/py_pubsub
[1.466s] Installing zigzag_clean script to /home/charan/ros_lab/install/py_pubsub/lib/py_pubsub
[1.466s] writing list of installed files to '/home/charan/ros_lab/build/py_pubsub/install.log'
[1.495s] Invoked command in '/home/charan/ros_lab/src/py_pubsub' returned '0': DEBUGINFOD_URLS=https://debuginfod.ubuntu.com PYTHONPATH=/home/charan/ros_lab/build/py_pubsub/prefix_override:/usr/lib/python3/dist-packages/colcon_core/task/python/colcon_distutils_commands:/home/charan/ros_lab/install/py_pubsub/lib/python3.12/site-packages:${PYTHONPATH} /usr/bin/python3 -W ignore:setup.py install is deprecated -W ignore:easy_install command is deprecated setup.py egg_info --egg-base ../../build/py_pubsub build --build-base /home/charan/ros_lab/build/py_pubsub/build install --record /home/charan/ros_lab/build/py_pubsub/install.log --single-version-externally-managed install_data
