[0.819s] Invoking command in '/home/charan/ros_lab/src/py_pubsub': DEBUGINFOD_URLS=https://debuginfod.ubuntu.com PYTHONPATH=/home/charan/ros_lab/build/py_pubsub/prefix_override:/usr/lib/python3/dist-packages/colcon_core/task/python/colcon_distutils_commands:/home/charan/ros_lab/install/py_pubsub/lib/python3.12/site-packages:${PYTHONPATH} /usr/bin/python3 -W ignore:setup.py install is deprecated -W ignore:easy_install command is deprecated setup.py egg_info --egg-base ../../build/py_pubsub build --build-base /home/charan/ros_lab/build/py_pubsub/build install --record /home/charan/ros_lab/build/py_pubsub/install.log --single-version-externally-managed install_data
[1.114s] running egg_info
[1.135s] writing ../../build/py_pubsub/py_pubsub.egg-info/PKG-INFO
[1.136s] writing dependency_links to ../../build/py_pubsub/py_pubsub.egg-info/dependency_links.txt
[1.136s] writing entry points to ../../build/py_pubsub/py_pubsub.egg-info/entry_points.txt
[1.136s] writing requirements to ../../build/py_pubsub/py_pubsub.egg-info/requires.txt
[1.136s] writing top-level names to ../../build/py_pubsub/py_pubsub.egg-info/top_level.txt
[1.177s] reading manifest file '../../build/py_pubsub/py_pubsub.egg-info/SOURCES.txt'
[1.177s] adding license file 'LICENSE'
[1.178s] writing manifest file '../../build/py_pubsub/py_pubsub.egg-info/SOURCES.txt'
[1.178s] running build
[1.178s] running build_py
[1.178s] copying py_pubsub/navigate_turtlebot3.py -> /home/charan/ros_lab/build/py_pubsub/build/lib/py_pubsub
[1.179s] running install
[1.185s] running install_lib
[1.205s] copying /home/charan/ros_lab/build/py_pubsub/build/lib/py_pubsub/navigate_turtlebot3.py -> /home/charan/ros_lab/install/py_pubsub/lib/python3.12/site-packages/py_pubsub
[1.205s] byte-compiling /home/charan/ros_lab/install/py_pubsub/lib/python3.12/site-packages/py_pubsub/navigate_turtlebot3.py to navigate_turtlebot3.cpython-312.pyc
[1.207s] running install_data
[1.207s] running install_egg_info
[1.229s] removing '/home/charan/ros_lab/install/py_pubsub/lib/python3.12/site-packages/py_pubsub-0.0.0-py3.12.egg-info' (and everything under it)
[1.229s] Copying ../../build/py_pubsub/py_pubsub.egg-info to /home/charan/ros_lab/install/py_pubsub/lib/python3.12/site-packages/py_pubsub-0.0.0-py3.12.egg-info
[1.230s] running install_scripts
[1.365s] Installing draw_circles script to /home/charan/ros_lab/install/py_pubsub/lib/py_pubsub
[1.366s] Installing draw_letters script to /home/charan/ros_lab/install/py_pubsub/lib/py_pubsub
[1.366s] Installing listener script to /home/charan/ros_lab/install/py_pubsub/lib/py_pubsub
[1.366s] Installing multi_publisher script to /home/charan/ros_lab/install/py_pubsub/lib/py_pubsub
[1.366s] Installing multi_subscriber script to /home/charan/ros_lab/install/py_pubsub/lib/py_pubsub
[1.366s] Installing navigate_turtlebot3 script to /home/charan/ros_lab/install/py_pubsub/lib/py_pubsub
[1.366s] Installing talker script to /home/charan/ros_lab/install/py_pubsub/lib/py_pubsub
[1.366s] Installing zigzag_clean script to /home/charan/ros_lab/install/py_pubsub/lib/py_pubsub
[1.366s] writing list of installed files to '/home/charan/ros_lab/build/py_pubsub/install.log'
[1.392s] Invoked command in '/home/charan/ros_lab/src/py_pubsub' returned '0': DEBUGINFOD_URLS=https://debuginfod.ubuntu.com PYTHONPATH=/home/charan/ros_lab/build/py_pubsub/prefix_override:/usr/lib/python3/dist-packages/colcon_core/task/python/colcon_distutils_commands:/home/charan/ros_lab/install/py_pubsub/lib/python3.12/site-packages:${PYTHONPATH} /usr/bin/python3 -W ignore:setup.py install is deprecated -W ignore:easy_install command is deprecated setup.py egg_info --egg-base ../../build/py_pubsub build --build-base /home/charan/ros_lab/build/py_pubsub/build install --record /home/charan/ros_lab/build/py_pubsub/install.log --single-version-externally-managed install_data
