[1.727s] Invoking command in '/home/charan/ros_lab/src/py_pubsub': DEBUGINFOD_URLS=https://debuginfod.ubuntu.com PYTHONPATH=/home/charan/ros_lab/build/py_pubsub/prefix_override:/usr/lib/python3/dist-packages/colcon_core/task/python/colcon_distutils_commands:/home/charan/ros_lab/install/py_pubsub/lib/python3.12/site-packages:${PYTHONPATH} /usr/bin/python3 -W ignore:setup.py install is deprecated -W ignore:easy_install command is deprecated setup.py egg_info --egg-base ../../build/py_pubsub build --build-base /home/charan/ros_lab/build/py_pubsub/build install --record /home/charan/ros_lab/build/py_pubsub/install.log --single-version-externally-managed install_data
[2.086s] running egg_info
[2.111s] writing ../../build/py_pubsub/py_pubsub.egg-info/PKG-INFO
[2.112s] writing dependency_links to ../../build/py_pubsub/py_pubsub.egg-info/dependency_links.txt
[2.112s] writing entry points to ../../build/py_pubsub/py_pubsub.egg-info/entry_points.txt
[2.112s] writing requirements to ../../build/py_pubsub/py_pubsub.egg-info/requires.txt
[2.112s] writing top-level names to ../../build/py_pubsub/py_pubsub.egg-info/top_level.txt
[2.164s] reading manifest file '../../build/py_pubsub/py_pubsub.egg-info/SOURCES.txt'
[2.165s] adding license file 'LICENSE'
[2.166s] writing manifest file '../../build/py_pubsub/py_pubsub.egg-info/SOURCES.txt'
[2.167s] running build
[2.167s] running build_py
[2.167s] running install
[2.176s] running install_lib
[2.202s] running install_data
[2.202s] running install_egg_info
[2.231s] removing '/home/charan/ros_lab/install/py_pubsub/lib/python3.12/site-packages/py_pubsub-0.0.0-py3.12.egg-info' (and everything under it)
[2.231s] Copying ../../build/py_pubsub/py_pubsub.egg-info to /home/charan/ros_lab/install/py_pubsub/lib/python3.12/site-packages/py_pubsub-0.0.0-py3.12.egg-info
[2.233s] running install_scripts
[2.453s] Installing draw_circles script to /home/charan/ros_lab/install/py_pubsub/lib/py_pubsub
[2.453s] Installing draw_letters script to /home/charan/ros_lab/install/py_pubsub/lib/py_pubsub
[2.453s] Installing listener script to /home/charan/ros_lab/install/py_pubsub/lib/py_pubsub
[2.453s] Installing multi_publisher script to /home/charan/ros_lab/install/py_pubsub/lib/py_pubsub
[2.453s] Installing multi_subscriber script to /home/charan/ros_lab/install/py_pubsub/lib/py_pubsub
[2.454s] Installing navigate_turtlebot3 script to /home/charan/ros_lab/install/py_pubsub/lib/py_pubsub
[2.454s] Installing talker script to /home/charan/ros_lab/install/py_pubsub/lib/py_pubsub
[2.454s] Installing zigzag_clean script to /home/charan/ros_lab/install/py_pubsub/lib/py_pubsub
[2.454s] writing list of installed files to '/home/charan/ros_lab/build/py_pubsub/install.log'
[2.504s] Invoked command in '/home/charan/ros_lab/src/py_pubsub' returned '0': DEBUGINFOD_URLS=https://debuginfod.ubuntu.com PYTHONPATH=/home/charan/ros_lab/build/py_pubsub/prefix_override:/usr/lib/python3/dist-packages/colcon_core/task/python/colcon_distutils_commands:/home/charan/ros_lab/install/py_pubsub/lib/python3.12/site-packages:${PYTHONPATH} /usr/bin/python3 -W ignore:setup.py install is deprecated -W ignore:easy_install command is deprecated setup.py egg_info --egg-base ../../build/py_pubsub build --build-base /home/charan/ros_lab/build/py_pubsub/build install --record /home/charan/ros_lab/build/py_pubsub/install.log --single-version-externally-managed install_data
