[0.581s] Invoking command in '/home/charan/ros_lab/src/py_pubsub': DEBUGINFOD_URLS=https://debuginfod.ubuntu.com PYTHONPATH=/home/charan/ros_lab/build/py_pubsub/prefix_override:/usr/lib/python3/dist-packages/colcon_core/task/python/colcon_distutils_commands:/home/charan/ros_lab/install/py_pubsub/lib/python3.12/site-packages:${PYTHONPATH} /usr/bin/python3 -W ignore:setup.py install is deprecated -W ignore:easy_install command is deprecated setup.py egg_info --egg-base ../../build/py_pubsub build --build-base /home/charan/ros_lab/build/py_pubsub/build install --record /home/charan/ros_lab/build/py_pubsub/install.log --single-version-externally-managed install_data
[0.776s] running egg_info
[0.791s] writing ../../build/py_pubsub/py_pubsub.egg-info/PKG-INFO
[0.791s] writing dependency_links to ../../build/py_pubsub/py_pubsub.egg-info/dependency_links.txt
[0.791s] writing entry points to ../../build/py_pubsub/py_pubsub.egg-info/entry_points.txt
[0.791s] writing requirements to ../../build/py_pubsub/py_pubsub.egg-info/requires.txt
[0.791s] writing top-level names to ../../build/py_pubsub/py_pubsub.egg-info/top_level.txt
[0.822s] reading manifest file '../../build/py_pubsub/py_pubsub.egg-info/SOURCES.txt'
[0.822s] adding license file 'LICENSE'
[0.822s] writing manifest file '../../build/py_pubsub/py_pubsub.egg-info/SOURCES.txt'
[0.822s] running build
[0.822s] running build_py
[0.822s] copying py_pubsub/zigzag_clean.py -> /home/charan/ros_lab/build/py_pubsub/build/lib/py_pubsub
[0.822s] running install
[0.827s] running install_lib
[0.843s] copying /home/charan/ros_lab/build/py_pubsub/build/lib/py_pubsub/zigzag_clean.py -> /home/charan/ros_lab/install/py_pubsub/lib/python3.12/site-packages/py_pubsub
[0.843s] byte-compiling /home/charan/ros_lab/install/py_pubsub/lib/python3.12/site-packages/py_pubsub/zigzag_clean.py to zigzag_clean.cpython-312.pyc
[0.844s] running install_data
[0.844s] running install_egg_info
[0.860s] removing '/home/charan/ros_lab/install/py_pubsub/lib/python3.12/site-packages/py_pubsub-0.0.0-py3.12.egg-info' (and everything under it)
[0.860s] Copying ../../build/py_pubsub/py_pubsub.egg-info to /home/charan/ros_lab/install/py_pubsub/lib/python3.12/site-packages/py_pubsub-0.0.0-py3.12.egg-info
[0.860s] running install_scripts
[0.958s] Installing draw_circles script to /home/charan/ros_lab/install/py_pubsub/lib/py_pubsub
[0.958s] Installing listener script to /home/charan/ros_lab/install/py_pubsub/lib/py_pubsub
[0.959s] Installing multi_publisher script to /home/charan/ros_lab/install/py_pubsub/lib/py_pubsub
[0.959s] Installing multi_subscriber script to /home/charan/ros_lab/install/py_pubsub/lib/py_pubsub
[0.959s] Installing talker script to /home/charan/ros_lab/install/py_pubsub/lib/py_pubsub
[0.959s] Installing zigzag_clean script to /home/charan/ros_lab/install/py_pubsub/lib/py_pubsub
[0.959s] writing list of installed files to '/home/charan/ros_lab/build/py_pubsub/install.log'
[0.977s] Invoked command in '/home/charan/ros_lab/src/py_pubsub' returned '0': DEBUGINFOD_URLS=https://debuginfod.ubuntu.com PYTHONPATH=/home/charan/ros_lab/build/py_pubsub/prefix_override:/usr/lib/python3/dist-packages/colcon_core/task/python/colcon_distutils_commands:/home/charan/ros_lab/install/py_pubsub/lib/python3.12/site-packages:${PYTHONPATH} /usr/bin/python3 -W ignore:setup.py install is deprecated -W ignore:easy_install command is deprecated setup.py egg_info --egg-base ../../build/py_pubsub build --build-base /home/charan/ros_lab/build/py_pubsub/build install --record /home/charan/ros_lab/build/py_pubsub/install.log --single-version-externally-managed install_data
